android/app/build/intermediates/manifest_merge_blame_file/debug/manifest-merger-blame-debug-report.txt
1<?xml version="1.0" encoding="utf-8"?>
2<!-- 打卡搭档 -->
3<manifest xmlns:android="http://schemas.android.com/apk/res/android"
4    package="com.checkin.partner"
5    android:versionCode="1"
6    android:versionName="1.0.0" >
7
8    <uses-sdk
9        android:minSdkVersion="26"
10        android:targetSdkVersion="34" />
11
12    <!-- 极光推送所需权限 -->
13    <permission
13-->src\main\AndroidManifest.xml:7:5-9:47
14        android:name="com.checkin.partner.permission.JPUSH_MESSAGE"
14-->src\main\AndroidManifest.xml:8:9-68
15        android:protectionLevel="signature" />
15-->src\main\AndroidManifest.xml:9:9-44
16
17    <uses-permission android:name="com.checkin.partner.permission.JPUSH_MESSAGE" />
17-->src\main\AndroidManifest.xml:11:5-84
17-->src\main\AndroidManifest.xml:11:22-81
18    <uses-permission android:name="android.permission.INTERNET" />
18-->src\main\AndroidManifest.xml:12:5-67
18-->src\main\AndroidManifest.xml:12:22-64
19    <uses-permission android:name="android.permission.ACCESS_NETWORK_STATE" />
19-->src\main\AndroidManifest.xml:13:5-79
19-->src\main\AndroidManifest.xml:13:22-76
20    <uses-permission android:name="android.permission.CAMERA" />
20-->src\main\AndroidManifest.xml:14:5-65
20-->src\main\AndroidManifest.xml:14:22-62
21    <uses-permission android:name="android.permission.POST_NOTIFICATIONS" />
21-->src\main\AndroidManifest.xml:15:5-77
21-->src\main\AndroidManifest.xml:15:22-74
22    <uses-permission
22-->src\main\AndroidManifest.xml:16:5-17:38
23        android:name="android.permission.READ_EXTERNAL_STORAGE"
23-->src\main\AndroidManifest.xml:16:22-77
24        android:maxSdkVersion="32" />
24-->src\main\AndroidManifest.xml:17:9-35
25    <uses-permission android:name="android.permission.READ_MEDIA_IMAGES" />
25-->src\main\AndroidManifest.xml:18:5-76
25-->src\main\AndroidManifest.xml:18:22-73
26    <!-- 极光推送所需权限 -->
27    <uses-permission android:name="android.permission.ACCESS_WIFI_STATE" />
27-->src\main\AndroidManifest.xml:20:5-76
27-->src\main\AndroidManifest.xml:20:22-73
28    <uses-permission android:name="android.permission.CHANGE_WIFI_STATE" />
28-->src\main\AndroidManifest.xml:21:5-76
28-->src\main\AndroidManifest.xml:21:22-73
29    <uses-permission android:name="android.permission.VIBRATE" />
29-->src\main\AndroidManifest.xml:22:5-66
29-->src\main\AndroidManifest.xml:22:22-63
30    <uses-permission
30-->src\main\AndroidManifest.xml:23:5-24:38
31        android:name="android.permission.WRITE_EXTERNAL_STORAGE"
31-->src\main\AndroidManifest.xml:23:22-78
32        android:maxSdkVersion="32" />
32-->src\main\AndroidManifest.xml:24:9-35
33    <uses-permission android:name="android.permission.ACCESS_NOTIFICATION_POLICY" />
33-->src\main\AndroidManifest.xml:25:5-85
33-->src\main\AndroidManifest.xml:25:22-82
34    <uses-permission android:name="android.permission.WAKE_LOCK" />
34-->[androidx.work:work-runtime:2.9.0] AndroidManifest.xml:23:5-68
34-->[androidx.work:work-runtime:2.9.0] AndroidManifest.xml:23:22-65
35    <uses-permission android:name="android.permission.RECEIVE_BOOT_COMPLETED" />
35-->[androidx.work:work-runtime:2.9.0] AndroidManifest.xml:25:5-81
35-->[androidx.work:work-runtime:2.9.0] AndroidManifest.xml:25:22-78
36    <uses-permission android:name="android.permission.FOREGROUND_SERVICE" /> <!-- Required by older versions of Google Play services to create IID tokens -->
36-->[androidx.work:work-runtime:2.9.0] AndroidManifest.xml:26:5-77
36-->[androidx.work:work-runtime:2.9.0] AndroidManifest.xml:26:22-74
37    <uses-permission android:name="com.google.android.c2dm.permission.RECEIVE" />
37-->[com.google.firebase:firebase-messaging:23.4.0] AndroidManifest.xml:26:5-82
37-->[com.google.firebase:firebase-messaging:23.4.0] AndroidManifest.xml:26:22-79
38
39    <permission
39-->[androidx.core:core:1.12.0] AndroidManifest.xml:22:5-24:47
40        android:name="com.checkin.partner.DYNAMIC_RECEIVER_NOT_EXPORTED_PERMISSION"
40-->[androidx.core:core:1.12.0] AndroidManifest.xml:23:9-81
41        android:protectionLevel="signature" />
41-->[androidx.core:core:1.12.0] AndroidManifest.xml:24:9-44
42
43    <uses-permission android:name="com.checkin.partner.DYNAMIC_RECEIVER_NOT_EXPORTED_PERMISSION" />
43-->[androidx.core:core:1.12.0] AndroidManifest.xml:26:5-97
43-->[androidx.core:core:1.12.0] AndroidManifest.xml:26:22-94
44
45    <application
45-->src\main\AndroidManifest.xml:27:5-159:19
46        android:name="com.checkin.partner.CheckinApp"
46-->src\main\AndroidManifest.xml:28:9-35
47        android:allowBackup="true"
47-->src\main\AndroidManifest.xml:29:9-35
48        android:appComponentFactory="androidx.core.app.CoreComponentFactory"
48-->[androidx.core:core:1.12.0] AndroidManifest.xml:28:18-86
49        android:debuggable="true"
50        android:extractNativeLibs="false"
51        android:icon="@mipmap/ic_launcher"
51-->src\main\AndroidManifest.xml:30:9-43
52        android:label="打卡搭档"
52-->src\main\AndroidManifest.xml:31:9-29
53        android:supportsRtl="true"
53-->src\main\AndroidManifest.xml:32:9-35
54        android:theme="@style/Theme.CheckinPartner"
54-->src\main\AndroidManifest.xml:33:9-52
55        android:usesCleartextTraffic="true" >
55-->src\main\AndroidManifest.xml:34:9-44
56        <activity
56-->src\main\AndroidManifest.xml:37:9-45:20
57            android:name="com.checkin.partner.MainActivity"
57-->src\main\AndroidManifest.xml:38:13-41
58            android:exported="true"
58-->src\main\AndroidManifest.xml:39:13-36
59            android:theme="@style/Theme.CheckinPartner" >
59-->src\main\AndroidManifest.xml:40:13-56
60            <intent-filter>
60-->src\main\AndroidManifest.xml:41:13-44:29
61                <action android:name="android.intent.action.MAIN" />
61-->src\main\AndroidManifest.xml:42:17-69
61-->src\main\AndroidManifest.xml:42:25-66
62
63                <category android:name="android.intent.category.LAUNCHER" />
63-->src\main\AndroidManifest.xml:43:17-77
63-->src\main\AndroidManifest.xml:43:27-74
64            </intent-filter>
65        </activity>
66
67        <!-- Firebase 消息服务 -->
68        <service
68-->src\main\AndroidManifest.xml:48:9-54:19
69            android:name="com.checkin.partner.network.fcm.CheckinFcmService"
69-->src\main\AndroidManifest.xml:49:13-58
70            android:exported="false" >
70-->src\main\AndroidManifest.xml:50:13-37
71            <intent-filter>
71-->src\main\AndroidManifest.xml:51:13-53:29
72                <action android:name="com.google.firebase.MESSAGING_EVENT" />
72-->src\main\AndroidManifest.xml:52:17-78
72-->src\main\AndroidManifest.xml:52:25-75
73            </intent-filter>
74        </service>
75
76        <!-- 极光推送 -->
77        <meta-data
77-->src\main\AndroidManifest.xml:57:9-60:45
78            android:name="JPUSH_APPKEY"
78-->src\main\AndroidManifest.xml:58:13-40
79            android:value="e3b1041d3b96231eb2aed6c0" />
79-->src\main\AndroidManifest.xml:59:13-53
80        <meta-data
80-->src\main\AndroidManifest.xml:61:9-64:45
81            android:name="JPUSH_CHANNEL"
81-->src\main\AndroidManifest.xml:62:13-41
82            android:value="developer-default" />
82-->src\main\AndroidManifest.xml:63:13-46
83
84        <!-- JCore 必要组件 -->
85        <service
85-->src\main\AndroidManifest.xml:67:9-75:19
86            android:name="cn.jpush.android.service.JCommonService"
86-->src\main\AndroidManifest.xml:68:13-67
87            android:exported="false"
87-->src\main\AndroidManifest.xml:70:13-37
88            android:foregroundServiceType="remoteMessaging"
88-->src\main\AndroidManifest.xml:69:13-60
89            android:process=":jcore" >
89-->src\main\AndroidManifest.xml:71:13-37
90            <intent-filter>
90-->src\main\AndroidManifest.xml:72:13-74:29
91                <action android:name="cn.jpush.android.intent.RECEIVE_MESSAGE" />
91-->src\main\AndroidManifest.xml:73:17-82
91-->src\main\AndroidManifest.xml:73:25-79
92            </intent-filter>
93        </service>
94        <service
94-->src\main\AndroidManifest.xml:76:9-87:19
95            android:name="cn.jpush.android.service.PushService"
95-->src\main\AndroidManifest.xml:77:13-64
96            android:exported="false"
96-->src\main\AndroidManifest.xml:79:13-37
97            android:foregroundServiceType="remoteMessaging"
97-->src\main\AndroidManifest.xml:78:13-60
98            android:process=":pushcore" >
98-->src\main\AndroidManifest.xml:80:13-40
99            <intent-filter>
99-->src\main\AndroidManifest.xml:81:13-86:29
100                <action android:name="cn.jpush.android.intent.REGISTER" />
100-->src\main\AndroidManifest.xml:82:17-75
100-->src\main\AndroidManifest.xml:82:25-72
101                <action android:name="cn.jpush.android.intent.REPORT" />
101-->src\main\AndroidManifest.xml:83:17-73
101-->src\main\AndroidManifest.xml:83:25-70
102                <action android:name="cn.jpush.android.intent.PushService" />
102-->src\main\AndroidManifest.xml:84:17-78
102-->src\main\AndroidManifest.xml:84:25-75
103                <action android:name="cn.jpush.android.intent.PUSH_TIME" />
103-->src\main\AndroidManifest.xml:85:17-76
103-->src\main\AndroidManifest.xml:85:25-73
104            </intent-filter>
105        </service>
106        <service
106-->src\main\AndroidManifest.xml:88:9-92:41
107            android:name="cn.jpush.android.service.DaemonService"
107-->src\main\AndroidManifest.xml:89:13-66
108            android:exported="false"
108-->src\main\AndroidManifest.xml:91:13-37
109            android:foregroundServiceType="remoteMessaging"
109-->src\main\AndroidManifest.xml:90:13-60
110            android:process=":daemon" />
110-->src\main\AndroidManifest.xml:92:13-38
111
112        <receiver
112-->src\main\AndroidManifest.xml:93:9-101:20
113            android:name="cn.jpush.android.service.PushReceiver"
113-->src\main\AndroidManifest.xml:94:13-65
114            android:exported="false" >
114-->src\main\AndroidManifest.xml:95:13-37
115            <intent-filter>
115-->src\main\AndroidManifest.xml:96:13-100:29
116                <action android:name="cn.jpush.android.intent.NOTIFICATION_RECEIVED_PROXY" />
116-->src\main\AndroidManifest.xml:97:17-94
116-->src\main\AndroidManifest.xml:97:25-91
117                <action android:name="android.intent.action.USER_PRESENT" />
117-->src\main\AndroidManifest.xml:98:17-77
117-->src\main\AndroidManifest.xml:98:25-74
118                <action android:name="android.net.conn.CONNECTIVITY_CHANGE" />
118-->src\main\AndroidManifest.xml:99:17-79
118-->src\main\AndroidManifest.xml:99:25-76
119            </intent-filter>
120        </receiver>
121        <receiver
121-->src\main\AndroidManifest.xml:102:9-104:40
122            android:name="cn.jpush.android.service.AlarmReceiver"
122-->src\main\AndroidManifest.xml:103:13-66
123            android:exported="false" />
123-->src\main\AndroidManifest.xml:104:13-37
124        <receiver
124-->src\main\AndroidManifest.xml:105:9-107:40
125            android:name="cn.jpush.android.service.WakedResultReceiver"
125-->src\main\AndroidManifest.xml:106:13-72
126            android:exported="false" />
126-->src\main\AndroidManifest.xml:107:13-37
127
128        <activity
128-->src\main\AndroidManifest.xml:108:9-115:20
129            android:name="cn.jpush.android.ui.PushActivity"
129-->src\main\AndroidManifest.xml:109:13-60
130            android:exported="false"
130-->src\main\AndroidManifest.xml:110:13-37
131            android:theme="@android:style/Theme.Translucent.NoTitleBar" >
131-->src\main\AndroidManifest.xml:111:13-72
132            <intent-filter>
132-->src\main\AndroidManifest.xml:112:13-114:29
133                <action android:name="cn.jpush.android.ui.PushActivity" />
133-->src\main\AndroidManifest.xml:113:17-75
133-->src\main\AndroidManifest.xml:113:25-72
134            </intent-filter>
135        </activity>
136        <activity
136-->src\main\AndroidManifest.xml:116:9-119:75
137            android:name="cn.jpush.android.ui.PopWinActivity"
137-->src\main\AndroidManifest.xml:117:13-62
138            android:exported="false"
138-->src\main\AndroidManifest.xml:118:13-37
139            android:theme="@android:style/Theme.Translucent.NoTitleBar" />
139-->src\main\AndroidManifest.xml:119:13-72
140        <activity
140-->src\main\AndroidManifest.xml:120:9-130:20
141            android:name="cn.jpush.android.service.JNotifyActivity"
141-->src\main\AndroidManifest.xml:121:13-68
142            android:exported="true"
142-->src\main\AndroidManifest.xml:122:13-36
143            android:taskAffinity=""
143-->src\main\AndroidManifest.xml:123:13-36
144            android:theme="@style/JPushTheme" >
144-->src\main\AndroidManifest.xml:124:13-46
145            <intent-filter>
145-->src\main\AndroidManifest.xml:125:13-129:29
146                <action android:name="cn.jpush.android.intent.JNotifyActivity" />
146-->src\main\AndroidManifest.xml:126:17-82
146-->src\main\AndroidManifest.xml:126:25-79
147
148                <category android:name="android.intent.category.DEFAULT" />
148-->src\main\AndroidManifest.xml:127:17-76
148-->src\main\AndroidManifest.xml:127:27-73
149                <category android:name="com.checkin.partner" />
149-->src\main\AndroidManifest.xml:128:27-58
150            </intent-filter>
151        </activity>
152
153        <provider
153-->src\main\AndroidManifest.xml:131:9-134:40
154            android:name="cn.jpush.android.service.DataProvider"
154-->src\main\AndroidManifest.xml:132:13-65
155            android:authorities="com.checkin.partner.JPush.DataProvider"
155-->src\main\AndroidManifest.xml:133:13-73
156            android:exported="false" />
156-->src\main\AndroidManifest.xml:134:13-37
157        <provider
157-->src\main\AndroidManifest.xml:135:9-138:40
158            android:name="cn.jpush.android.service.DownloadProvider"
158-->src\main\AndroidManifest.xml:136:13-69
159            android:authorities="com.checkin.partner.JPush.DownloadProvider"
159-->src\main\AndroidManifest.xml:137:13-77
160            android:exported="false" />
160-->src\main\AndroidManifest.xml:138:13-37
161        <provider
161-->src\main\AndroidManifest.xml:139:9-144:86
162            android:name="cn.jpush.android.service.InitProvider"
162-->src\main\AndroidManifest.xml:140:13-65
163            android:authorities="com.checkin.partner.jiguang.InitProvider"
163-->src\main\AndroidManifest.xml:141:13-75
164            android:exported="false"
164-->src\main\AndroidManifest.xml:142:13-37
165            android:readPermission="com.checkin.partner.permission.JPUSH_MESSAGE"
165-->src\main\AndroidManifest.xml:143:13-82
166            android:writePermission="com.checkin.partner.permission.JPUSH_MESSAGE" />
166-->src\main\AndroidManifest.xml:144:13-83
167
168        <receiver
168-->src\main\AndroidManifest.xml:145:9-153:20
169            android:name="com.checkin.partner.network.jpush.JPushReceiver"
169-->src\main\AndroidManifest.xml:146:13-56
170            android:enabled="true"
170-->src\main\AndroidManifest.xml:147:13-35
171            android:exported="false" >
171-->src\main\AndroidManifest.xml:148:13-37
172            <intent-filter>
172-->src\main\AndroidManifest.xml:149:13-152:29
173                <action android:name="cn.jpush.android.intent.RECEIVE_MESSAGE" />
173-->src\main\AndroidManifest.xml:73:17-82
173-->src\main\AndroidManifest.xml:73:25-79
174
175                <category android:name="com.checkin.partner" />
175-->src\main\AndroidManifest.xml:128:27-58
176            </intent-filter>
177        </receiver>
178
179        <!-- 通知划出删除时标记已读（不启动 Activity） -->
180        <receiver
180-->src\main\AndroidManifest.xml:156:9-158:40
181            android:name="com.checkin.partner.network.fcm.NotificationDismissReceiver"
181-->src\main\AndroidManifest.xml:157:13-68
182            android:exported="false" />
182-->src\main\AndroidManifest.xml:158:13-37
183
184        <meta-data
184-->[jcore-android-5.5.0.aar] AndroidManifest.xml:11:9-13:37
185            android:name="JCORE_VT"
185-->[jcore-android-5.5.0.aar] AndroidManifest.xml:12:13-36
186            android:value="r5500" />
186-->[jcore-android-5.5.0.aar] AndroidManifest.xml:13:13-34
187        <meta-data
187-->[jcore-android-5.5.0.aar] AndroidManifest.xml:14:5-81
188            android:name="JCORE_MD5"
188-->[jcore-android-5.5.0.aar] AndroidManifest.xml:14:16-40
189            android:value="1:550:7ef9ee88:296:r:" />
189-->[jcore-android-5.5.0.aar] AndroidManifest.xml:14:41-78
190
191        <provider
191-->[androidx.work:work-runtime:2.9.0] AndroidManifest.xml:29:9-37:20
192            android:name="androidx.startup.InitializationProvider"
192-->[androidx.work:work-runtime:2.9.0] AndroidManifest.xml:30:13-67
193            android:authorities="com.checkin.partner.androidx-startup"
193-->[androidx.work:work-runtime:2.9.0] AndroidManifest.xml:31:13-68
194            android:exported="false" >
194-->[androidx.work:work-runtime:2.9.0] AndroidManifest.xml:32:13-37
195            <meta-data
195-->[androidx.work:work-runtime:2.9.0] AndroidManifest.xml:34:13-36:52
196                android:name="androidx.work.WorkManagerInitializer"
196-->[androidx.work:work-runtime:2.9.0] AndroidManifest.xml:35:17-68
197                android:value="androidx.startup" />
197-->[androidx.work:work-runtime:2.9.0] AndroidManifest.xml:36:17-49
198            <meta-data
198-->[androidx.emoji2:emoji2:1.4.0] AndroidManifest.xml:29:13-31:52
199                android:name="androidx.emoji2.text.EmojiCompatInitializer"
199-->[androidx.emoji2:emoji2:1.4.0] AndroidManifest.xml:30:17-75
200                android:value="androidx.startup" />
200-->[androidx.emoji2:emoji2:1.4.0] AndroidManifest.xml:31:17-49
201            <meta-data
201-->[androidx.lifecycle:lifecycle-process:2.7.0] AndroidManifest.xml:29:13-31:52
202                android:name="androidx.lifecycle.ProcessLifecycleInitializer"
202-->[androidx.lifecycle:lifecycle-process:2.7.0] AndroidManifest.xml:30:17-78
203                android:value="androidx.startup" />
203-->[androidx.lifecycle:lifecycle-process:2.7.0] AndroidManifest.xml:31:17-49
204            <meta-data
204-->[androidx.profileinstaller:profileinstaller:1.3.1] AndroidManifest.xml:29:13-31:52
205                android:name="androidx.profileinstaller.ProfileInstallerInitializer"
205-->[androidx.profileinstaller:profileinstaller:1.3.1] AndroidManifest.xml:30:17-85
206                android:value="androidx.startup" />
206-->[androidx.profileinstaller:profileinstaller:1.3.1] AndroidManifest.xml:31:17-49
207        </provider>
208
209        <service
209-->[androidx.work:work-runtime:2.9.0] AndroidManifest.xml:39:9-45:35
210            android:name="androidx.work.impl.background.systemalarm.SystemAlarmService"
210-->[androidx.work:work-runtime:2.9.0] AndroidManifest.xml:40:13-88
211            android:directBootAware="false"
211-->[androidx.work:work-runtime:2.9.0] AndroidManifest.xml:41:13-44
212            android:enabled="@bool/enable_system_alarm_service_default"
212-->[androidx.work:work-runtime:2.9.0] AndroidManifest.xml:42:13-72
213            android:exported="false" />
213-->[androidx.work:work-runtime:2.9.0] AndroidManifest.xml:43:13-37
214        <service
214-->[androidx.work:work-runtime:2.9.0] AndroidManifest.xml:46:9-52:35
215            android:name="androidx.work.impl.background.systemjob.SystemJobService"
215-->[androidx.work:work-runtime:2.9.0] AndroidManifest.xml:47:13-84
216            android:directBootAware="false"
216-->[androidx.work:work-runtime:2.9.0] AndroidManifest.xml:48:13-44
217            android:enabled="@bool/enable_system_job_service_default"
217-->[androidx.work:work-runtime:2.9.0] AndroidManifest.xml:49:13-70
218            android:exported="true"
218-->[androidx.work:work-runtime:2.9.0] AndroidManifest.xml:50:13-36
219            android:permission="android.permission.BIND_JOB_SERVICE" />
219-->[androidx.work:work-runtime:2.9.0] AndroidManifest.xml:51:13-69
220        <service
220-->[androidx.work:work-runtime:2.9.0] AndroidManifest.xml:53:9-59:35
221            android:name="androidx.work.impl.foreground.SystemForegroundService"
221-->[androidx.work:work-runtime:2.9.0] AndroidManifest.xml:54:13-81
222            android:directBootAware="false"
222-->[androidx.work:work-runtime:2.9.0] AndroidManifest.xml:55:13-44
223            android:enabled="@bool/enable_system_foreground_service_default"
223-->[androidx.work:work-runtime:2.9.0] AndroidManifest.xml:56:13-77
224            android:exported="false" />
224-->[androidx.work:work-runtime:2.9.0] AndroidManifest.xml:57:13-37
225
226        <receiver
226-->[androidx.work:work-runtime:2.9.0] AndroidManifest.xml:61:9-66:35
227            android:name="androidx.work.impl.utils.ForceStopRunnable$BroadcastReceiver"
227-->[androidx.work:work-runtime:2.9.0] AndroidManifest.xml:62:13-88
228            android:directBootAware="false"
228-->[androidx.work:work-runtime:2.9.0] AndroidManifest.xml:63:13-44
229            android:enabled="true"
229-->[androidx.work:work-runtime:2.9.0] AndroidManifest.xml:64:13-35
230            android:exported="false" />
230-->[androidx.work:work-runtime:2.9.0] AndroidManifest.xml:65:13-37
231        <receiver
231-->[androidx.work:work-runtime:2.9.0] AndroidManifest.xml:67:9-77:20
232            android:name="androidx.work.impl.background.systemalarm.ConstraintProxy$BatteryChargingProxy"
232-->[androidx.work:work-runtime:2.9.0] AndroidManifest.xml:68:13-106
233            android:directBootAware="false"
233-->[androidx.work:work-runtime:2.9.0] AndroidManifest.xml:69:13-44
234            android:enabled="false"
234-->[androidx.work:work-runtime:2.9.0] AndroidManifest.xml:70:13-36
235            android:exported="false" >
235-->[androidx.work:work-runtime:2.9.0] AndroidManifest.xml:71:13-37
236            <intent-filter>
236-->[androidx.work:work-runtime:2.9.0] AndroidManifest.xml:73:13-76:29
237                <action android:name="android.intent.action.ACTION_POWER_CONNECTED" />
237-->[androidx.work:work-runtime:2.9.0] AndroidManifest.xml:74:17-87
237-->[androidx.work:work-runtime:2.9.0] AndroidManifest.xml:74:25-84
238                <action android:name="android.intent.action.ACTION_POWER_DISCONNECTED" />
238-->[androidx.work:work-runtime:2.9.0] AndroidManifest.xml:75:17-90
238-->[androidx.work:work-runtime:2.9.0] AndroidManifest.xml:75:25-87
239            </intent-filter>
240        </receiver>
241        <receiver
241-->[androidx.work:work-runtime:2.9.0] AndroidManifest.xml:78:9-88:20
242            android:name="androidx.work.impl.background.systemalarm.ConstraintProxy$BatteryNotLowProxy"
242-->[androidx.work:work-runtime:2.9.0] AndroidManifest.xml:79:13-104
243            android:directBootAware="false"
243-->[androidx.work:work-runtime:2.9.0] AndroidManifest.xml:80:13-44
244            android:enabled="false"
244-->[androidx.work:work-runtime:2.9.0] AndroidManifest.xml:81:13-36
245            android:exported="false" >
245-->[androidx.work:work-runtime:2.9.0] AndroidManifest.xml:82:13-37
246            <intent-filter>
246-->[androidx.work:work-runtime:2.9.0] AndroidManifest.xml:84:13-87:29
247                <action android:name="android.intent.action.BATTERY_OKAY" />
247-->[androidx.work:work-runtime:2.9.0] AndroidManifest.xml:85:17-77
247-->[androidx.work:work-runtime:2.9.0] AndroidManifest.xml:85:25-74
248                <action android:name="android.intent.action.BATTERY_LOW" />
248-->[androidx.work:work-runtime:2.9.0] AndroidManifest.xml:86:17-76
248-->[androidx.work:work-runtime:2.9.0] AndroidManifest.xml:86:25-73
249            </intent-filter>
250        </receiver>
251        <receiver
251-->[androidx.work:work-runtime:2.9.0] AndroidManifest.xml:89:9-99:20
252            android:name="androidx.work.impl.background.systemalarm.ConstraintProxy$StorageNotLowProxy"
252-->[androidx.work:work-runtime:2.9.0] AndroidManifest.xml:90:13-104
253            android:directBootAware="false"
253-->[androidx.work:work-runtime:2.9.0] AndroidManifest.xml:91:13-44
254            android:enabled="false"
254-->[androidx.work:work-runtime:2.9.0] AndroidManifest.xml:92:13-36
255            android:exported="false" >
255-->[androidx.work:work-runtime:2.9.0] AndroidManifest.xml:93:13-37
256            <intent-filter>
256-->[androidx.work:work-runtime:2.9.0] AndroidManifest.xml:95:13-98:29
257                <action android:name="android.intent.action.DEVICE_STORAGE_LOW" />
257-->[androidx.work:work-runtime:2.9.0] AndroidManifest.xml:96:17-83
257-->[androidx.work:work-runtime:2.9.0] AndroidManifest.xml:96:25-80
258                <action android:name="android.intent.action.DEVICE_STORAGE_OK" />
258-->[androidx.work:work-runtime:2.9.0] AndroidManifest.xml:97:17-82
258-->[androidx.work:work-runtime:2.9.0] AndroidManifest.xml:97:25-79
259            </intent-filter>
260        </receiver>
261        <receiver
261-->[androidx.work:work-runtime:2.9.0] AndroidManifest.xml:100:9-109:20
262            android:name="androidx.work.impl.background.systemalarm.ConstraintProxy$NetworkStateProxy"
262-->[androidx.work:work-runtime:2.9.0] AndroidManifest.xml:101:13-103
263            android:directBootAware="false"
263-->[androidx.work:work-runtime:2.9.0] AndroidManifest.xml:102:13-44
264            android:enabled="false"
264-->[androidx.work:work-runtime:2.9.0] AndroidManifest.xml:103:13-36
265            android:exported="false" >
265-->[androidx.work:work-runtime:2.9.0] AndroidManifest.xml:104:13-37
266            <intent-filter>
266-->[androidx.work:work-runtime:2.9.0] AndroidManifest.xml:106:13-108:29
267                <action android:name="android.net.conn.CONNECTIVITY_CHANGE" />
267-->src\main\AndroidManifest.xml:99:17-79
267-->src\main\AndroidManifest.xml:99:25-76
268            </intent-filter>
269        </receiver>
270        <receiver
270-->[androidx.work:work-runtime:2.9.0] AndroidManifest.xml:110:9-121:20
271            android:name="androidx.work.impl.background.systemalarm.RescheduleReceiver"
271-->[androidx.work:work-runtime:2.9.0] AndroidManifest.xml:111:13-88
272            android:directBootAware="false"
272-->[androidx.work:work-runtime:2.9.0] AndroidManifest.xml:112:13-44
273            android:enabled="false"
273-->[androidx.work:work-runtime:2.9.0] AndroidManifest.xml:113:13-36
274            android:exported="false" >
274-->[androidx.work:work-runtime:2.9.0] AndroidManifest.xml:114:13-37
275            <intent-filter>
275-->[androidx.work:work-runtime:2.9.0] AndroidManifest.xml:116:13-120:29
276                <action android:name="android.intent.action.BOOT_COMPLETED" />
276-->[androidx.work:work-runtime:2.9.0] AndroidManifest.xml:117:17-79
276-->[androidx.work:work-runtime:2.9.0] AndroidManifest.xml:117:25-76
277                <action android:name="android.intent.action.TIME_SET" />
277-->[androidx.work:work-runtime:2.9.0] AndroidManifest.xml:118:17-73
277-->[androidx.work:work-runtime:2.9.0] AndroidManifest.xml:118:25-70
278                <action android:name="android.intent.action.TIMEZONE_CHANGED" />
278-->[androidx.work:work-runtime:2.9.0] AndroidManifest.xml:119:17-81
278-->[androidx.work:work-runtime:2.9.0] AndroidManifest.xml:119:25-78
279            </intent-filter>
280        </receiver>
281        <receiver
281-->[androidx.work:work-runtime:2.9.0] AndroidManifest.xml:122:9-131:20
282            android:name="androidx.work.impl.background.systemalarm.ConstraintProxyUpdateReceiver"
282-->[androidx.work:work-runtime:2.9.0] AndroidManifest.xml:123:13-99
283            android:directBootAware="false"
283-->[androidx.work:work-runtime:2.9.0] AndroidManifest.xml:124:13-44
284            android:enabled="@bool/enable_system_alarm_service_default"
284-->[androidx.work:work-runtime:2.9.0] AndroidManifest.xml:125:13-72
285            android:exported="false" >
285-->[androidx.work:work-runtime:2.9.0] AndroidManifest.xml:126:13-37
286            <intent-filter>
286-->[androidx.work:work-runtime:2.9.0] AndroidManifest.xml:128:13-130:29
287                <action android:name="androidx.work.impl.background.systemalarm.UpdateProxies" />
287-->[androidx.work:work-runtime:2.9.0] AndroidManifest.xml:129:17-98
287-->[androidx.work:work-runtime:2.9.0] AndroidManifest.xml:129:25-95
288            </intent-filter>
289        </receiver>
290        <receiver
290-->[androidx.work:work-runtime:2.9.0] AndroidManifest.xml:132:9-142:20
291            android:name="androidx.work.impl.diagnostics.DiagnosticsReceiver"
291-->[androidx.work:work-runtime:2.9.0] AndroidManifest.xml:133:13-78
292            android:directBootAware="false"
292-->[androidx.work:work-runtime:2.9.0] AndroidManifest.xml:134:13-44
293            android:enabled="true"
293-->[androidx.work:work-runtime:2.9.0] AndroidManifest.xml:135:13-35
294            android:exported="true"
294-->[androidx.work:work-runtime:2.9.0] AndroidManifest.xml:136:13-36
295            android:permission="android.permission.DUMP" >
295-->[androidx.work:work-runtime:2.9.0] AndroidManifest.xml:137:13-57
296            <intent-filter>
296-->[androidx.work:work-runtime:2.9.0] AndroidManifest.xml:139:13-141:29
297                <action android:name="androidx.work.diagnostics.REQUEST_DIAGNOSTICS" />
297-->[androidx.work:work-runtime:2.9.0] AndroidManifest.xml:140:17-88
297-->[androidx.work:work-runtime:2.9.0] AndroidManifest.xml:140:25-85
298            </intent-filter>
299        </receiver>
300
301        <activity
301-->[androidx.compose.ui:ui-tooling-android:1.5.4] AndroidManifest.xml:23:9-25:39
302            android:name="androidx.compose.ui.tooling.PreviewActivity"
302-->[androidx.compose.ui:ui-tooling-android:1.5.4] AndroidManifest.xml:24:13-71
303            android:exported="true" />
303-->[androidx.compose.ui:ui-tooling-android:1.5.4] AndroidManifest.xml:25:13-36
304
305        <service
305-->[com.google.firebase:firebase-messaging-ktx:23.4.0] AndroidManifest.xml:23:9-29:19
306            android:name="com.google.firebase.components.ComponentDiscoveryService"
306-->[com.google.firebase:firebase-messaging-ktx:23.4.0] AndroidManifest.xml:24:13-84
307            android:directBootAware="true"